Flow report for ProjetoNios2
Thu Jul 03 21:33:56 2025
Quartus Prime Version 20.1.1 Build 720 11/11/2020 SJ Lite Edition


---------------------
; Table of Contents ;
---------------------
  1. Legal Notice
  2. Flow Summary
  3. Flow Settings
  4. Flow Non-Default Global Settings
  5. Flow Elapsed Time
  6. Flow OS Summary
  7. Flow Log
  8. Flow Messages
  9. Flow Suppressed Messages



----------------
; Legal Notice ;
----------------
Copyright (C) 2020  Intel Corporation. All rights reserved.
Your use of Intel Corporation's design tools, logic functions 
and other software and tools, and any partner logic 
functions, and any output files from any of the foregoing 
(including device programming or simulation files), and any 
associated documentation or information are expressly subject 
to the terms and conditions of the Intel Program License 
Subscription Agreement, the Intel Quartus Prime License Agreement,
the Intel FPGA IP License Agreement, or other applicable license
agreement, including, without limitation, that your use is for
the sole purpose of programming logic devices manufactured by
Intel and sold by Intel or its authorized distributors.  Please
refer to the applicable agreement for further details, at
https://fpgasoftware.intel.com/eula.



+----------------------------------------------------------------------------------+
; Flow Summary                                                                     ;
+------------------------------------+---------------------------------------------+
; Flow Status                        ; Successful - Thu Jul 03 21:33:52 2025       ;
; Quartus Prime Version              ; 20.1.1 Build 720 11/11/2020 SJ Lite Edition ;
; Revision Name                      ; ProjetoNios2                                ;
; Top-level Entity Name              ; sistema                                     ;
; Family                             ; Cyclone IV E                                ;
; Device                             ; EP4CE115F29C7                               ;
; Timing Models                      ; Final                                       ;
; Total logic elements               ; 2,204 / 114,480 ( 2 % )                     ;
;     Total combinational functions  ; 2,077 / 114,480 ( 2 % )                     ;
;     Dedicated logic registers      ; 1,065 / 114,480 ( < 1 % )                   ;
; Total registers                    ; 1065                                        ;
; Total pins                         ; 41 / 529 ( 8 % )                            ;
; Total virtual pins                 ; 0                                           ;
; Total memory bits                  ; 3,211,264 / 3,981,312 ( 81 % )              ;
; Embedded Multiplier 9-bit elements ; 0 / 532 ( 0 % )                             ;
; Total PLLs                         ; 0 / 4 ( 0 % )                               ;
+------------------------------------+---------------------------------------------+


+-----------------------------------------+
; Flow Settings                           ;
+-------------------+---------------------+
; Option            ; Setting             ;
+-------------------+---------------------+
; Start date & time ; 07/03/2025 21:32:57 ;
; Main task         ; Compilation         ;
; Revision Name     ; ProjetoNios2        ;
+-------------------+---------------------+


+----------------------------------------------------------------------------------------------------------------------------------------------------------+
; Flow Non-Default Global Settings                                                                                                                         ;
+-------------------------------------+--------------------------------------------------------------------+---------------+------------------+------------+
; Assignment Name                     ; Value                                                              ; Default Value ; Entity Name      ; Section Id ;
+-------------------------------------+--------------------------------------------------------------------+---------------+------------------+------------+
; COMPILER_SIGNATURE_ID               ; 18691161821643.175158917707976                                     ; --            ; --               ; --         ;
; MAX_CORE_JUNCTION_TEMP              ; 85                                                                 ; --            ; --               ; --         ;
; MIN_CORE_JUNCTION_TEMP              ; 0                                                                  ; --            ; --               ; --         ;
; MISC_FILE                           ; microcontrolador/synthesis/../microcontrolador.cmp                 ; --            ; --               ; --         ;
; MISC_FILE                           ; microcontrolador/synthesis/../../microcontrolador.qsys             ; --            ; --               ; --         ;
; NOMINAL_CORE_SUPPLY_VOLTAGE         ; 1.2V                                                               ; --            ; --               ; --         ;
; PARTITION_COLOR                     ; -- (Not supported for targeted family)                             ; --            ; sistema          ; Top        ;
; PARTITION_FITTER_PRESERVATION_LEVEL ; -- (Not supported for targeted family)                             ; --            ; sistema          ; Top        ;
; PARTITION_NETLIST_TYPE              ; -- (Not supported for targeted family)                             ; --            ; sistema          ; Top        ;
; POWER_BOARD_THERMAL_MODEL           ; None (CONSERVATIVE)                                                ; --            ; --               ; --         ;
; POWER_PRESET_COOLING_SOLUTION       ; 23 MM HEAT SINK WITH 200 LFPM AIRFLOW                              ; --            ; --               ; --         ;
; PROJECT_OUTPUT_DIRECTORY            ; output_files                                                       ; --            ; --               ; --         ;
; SLD_FILE                            ; microcontrolador/synthesis/microcontrolador.regmap                 ; --            ; --               ; --         ;
; SLD_FILE                            ; microcontrolador/synthesis/microcontrolador.debuginfo              ; --            ; --               ; --         ;
; SLD_INFO                            ; QSYS_NAME microcontrolador HAS_SOPCINFO 1 GENERATION_ID 1750981313 ; --            ; microcontrolador ; --         ;
; SOPCINFO_FILE                       ; microcontrolador/synthesis/../../microcontrolador.sopcinfo         ; --            ; --               ; --         ;
; SYNTHESIS_ONLY_QIP                  ; On                                                                 ; --            ; --               ; --         ;
; TOP_LEVEL_ENTITY                    ; sistema                                                            ; ProjetoNios2  ; --               ; --         ;
+-------------------------------------+--------------------------------------------------------------------+---------------+------------------+------------+


+--------------------------------------------------------------------------------------------------------------------------+
; Flow Elapsed Time                                                                                                        ;
+----------------------+--------------+-------------------------+---------------------+------------------------------------+
; Module Name          ; Elapsed Time ; Average Processors Used ; Peak Virtual Memory ; Total CPU Time (on all processors) ;
+----------------------+--------------+-------------------------+---------------------+------------------------------------+
; Analysis & Synthesis ; 00:00:27     ; 1.0                     ; 4958 MB             ; 00:00:41                           ;
; Fitter               ; 00:00:18     ; 1.1                     ; 6381 MB             ; 00:00:28                           ;
; Assembler            ; 00:00:04     ; 1.0                     ; 4731 MB             ; 00:00:04                           ;
; Timing Analyzer      ; 00:00:03     ; 1.5                     ; 5007 MB             ; 00:00:03                           ;
; Total                ; 00:00:52     ; --                      ; --                  ; 00:01:16                           ;
+----------------------+--------------+-------------------------+---------------------+------------------------------------+


+------------------------------------------------------------------------------------+
; Flow OS Summary                                                                    ;
+----------------------+------------------+------------+------------+----------------+
; Module Name          ; Machine Hostname ; OS Name    ; OS Version ; Processor type ;
+----------------------+------------------+------------+------------+----------------+
; Analysis & Synthesis ; DESKTOP-EHSO588  ; Windows 10 ; 10.0       ; x86_64         ;
; Fitter               ; DESKTOP-EHSO588  ; Windows 10 ; 10.0       ; x86_64         ;
; Assembler            ; DESKTOP-EHSO588  ; Windows 10 ; 10.0       ; x86_64         ;
; Timing Analyzer      ; DESKTOP-EHSO588  ; Windows 10 ; 10.0       ; x86_64         ;
+----------------------+------------------+------------+------------+----------------+


------------
; Flow Log ;
------------
quartus_map --read_settings_files=on --write_settings_files=off ProjetoNios2 -c ProjetoNios2
quartus_fit --read_settings_files=off --write_settings_files=off ProjetoNios2 -c ProjetoNios2
quartus_asm --read_settings_files=off --write_settings_files=off ProjetoNios2 -c ProjetoNios2
quartus_sta ProjetoNios2 -c ProjetoNios2



